da/build/outputs/mapping/release/seeds.txt
jahirfiquitiva.libs.frames.ui.fragments.base.BaseFramesFragment$registerObservers$2
jahirfiquitiva.libs.frames.ui.fragments.base.BaseFramesFragment$registerObservers$2: jahirfiquitiva.libs.frames.ui.fragments.base.BaseFramesFragment this$0
jahirfiquitiva.libs.frames.ui.fragments.base.BaseFramesFragment$registerObservers$2: java.lang.Object invoke(java.lang.Object)
jahirfiquitiva.libs.frames.ui.fragments.base.BaseFramesFragment$registerObservers$2: void invoke(java.util.ArrayList)
jahirfiquitiva.libs.frames.ui.fragments.base.BaseFramesFragment$registerObservers$2: BaseFramesFragment$registerObservers$2(jahirfiquitiva.libs.frames.ui.fragments.base.BaseFramesFragment)
jahirfiquitiva.libs.frames.ui.fragments.base.BaseFramesFragment$reloadData$1
jahirfiquitiva.libs.frames.ui.fragments.base.BaseFramesFragment$reloadData$1: jahirfiquitiva.libs.frames.ui.fragments.base.BaseFramesFragment this$0
jahirfiquitiva.libs.frames.ui.fragments.base.BaseFramesFragment$reloadData$1: void ifNotNull(android.content.Context)
jahirfiquitiva.libs.frames.ui.fragments.base.BaseFramesFragment$reloadData$1: void ifNotNull(java.lang.Object)
jahirfiquitiva.libs.frames.ui.fragments.base.BaseFramesFragment$reloadData$1: void ifNull()
jahirfiquitiva.libs.frames.ui.fragments.base.BaseFramesFragment$reloadData$1: BaseFramesFragment$reloadData$1(jahirfiquitiva.libs.frames.ui.fragments.base.BaseFramesFragment)
jahirfiquitiva.libs.frames.ui.fragments.base.BaseWallpapersFragment
jahirfiquitiva.libs.frames.ui.fragments.base.BaseWallpapersFragment: kotlin.reflect.KProperty[] $$delegatedProperties
jahirfiquitiva.libs.frames.ui.fragments.base.BaseWallpapersFragment: boolean hasChecker
jahirfiquitiva.libs.frames.ui.fragments.base.BaseWallpapersFragment: jahirfiquitiva.libs.frames.ui.widgets.EmptyViewRecyclerView recyclerView
jahirfiquitiva.libs.frames.ui.fragments.base.BaseWallpapersFragment: com.pluscubed.recyclerfastscroll.RecyclerFastScroller fastScroller
jahirfiquitiva.libs.frames.ui.fragments.base.BaseWallpapersFragment: androidx.swiperefreshlayout.widget.SwipeRefreshLayout swipeToRefresh
jahirfiquitiva.libs.frames.ui.fragments.base.BaseWallpapersFragment: androidx.recyclerview.widget.GridLayoutManager rvLayoutManager
jahirfiquitiva.libs.frames.ui.fragments.base.BaseWallpapersFragment: int currentWallPosition
jahirfiquitiva.libs.frames.ui.fragments.base.BaseWallpapersFragment: kotlin.Lazy wallElementsCallback$delegate
jahirfiquitiva.libs.frames.ui.fragments.base.BaseWallpapersFragment: kotlin.Lazy provider$delegate
jahirfiquitiva.libs.frames.ui.fragments.base.BaseWallpapersFragment: kotlin.Lazy wallsAdapter$delegate
jahirfiquitiva.libs.frames.ui.fragments.base.BaseWallpapersFragment: int spanCount
jahirfiquitiva.libs.frames.ui.fragments.base.BaseWallpapersFragment: jahirfiquitiva.libs.kext.ui.decorations.GridSpacingItemDecoration spacingDecoration
jahirfiquitiva.libs.frames.ui.fragments.base.BaseWallpapersFragment$configureRVColumns$1
jahirfiquitiva.libs.frames.ui.fragments.base.BaseWallpapersFragment$configureRVColumns$1: jahirfiquitiva.libs.frames.ui.fragments.base.BaseWallpapersFragment this$0
jahirfiquitiva.libs.frames.ui.fragments.base.BaseWallpapersFragment$configureRVColumns$1: boolean $force
jahirfiquitiva.libs.frames.ui.fragments.base.BaseWallpapersFragment$configureRVColumns$1: java.lang.Object invoke(java.lang.Object)
jahirfiquitiva.libs.frames.ui.fragments.base.BaseWallpapersFragment$configureRVColumns$1: void invoke(android.content.Context)
jahirfiquitiva.libs.frames.ui.fragments.base.BaseWallpapersFragment$configureRVColumns$1: BaseWallpapersFragment$configureRVColumns$1(jahirfiquitiva.libs.frames.ui.fragments.base.BaseWallpapersFragment,boolean)