da/build/outputs/mapping/release/mapping.txt
androidx.sqlite.db.SupportSQLiteProgram -> androidx.sqlite.db.SupportSQLiteProgram:
    void bindNull(int) -> bindNull
    void bindLong(int,long) -> bindLong
    void bindDouble(int,double) -> bindDouble
    void bindString(int,java.lang.String) -> bindString
    void bindBlob(int,byte[]) -> bindBlob
    void clearBindings() -> clearBindings
androidx.sqlite.db.SupportSQLiteQuery -> androidx.sqlite.db.SupportSQLiteQuery:
    java.lang.String getSql() -> getSql
    void bindTo(androidx.sqlite.db.SupportSQLiteProgram) -> bindTo
    int getArgCount() -> getArgCount
androidx.sqlite.db.SupportSQLiteQueryBuilder -> androidx.sqlite.db.SupportSQLiteQueryBuilder:
    java.util.regex.Pattern sLimitPattern -> sLimitPattern
    boolean mDistinct -> mDistinct
    java.lang.String mTable -> mTable
    java.lang.String[] mColumns -> mColumns
    java.lang.String mSelection -> mSelection
    java.lang.Object[] mBindArgs -> mBindArgs
    java.lang.String mGroupBy -> mGroupBy
    java.lang.String mHaving -> mHaving
    java.lang.String mOrderBy -> mOrderBy
    java.lang.String mLimit -> mLimit
    androidx.sqlite.db.SupportSQLiteQueryBuilder builder(java.lang.String) -> builder
    void <init>(java.lang.String) -> <init>
    androidx.sqlite.db.SupportSQLiteQueryBuilder distinct() -> distinct
    androidx.sqlite.db.SupportSQLiteQueryBuilder columns(java.lang.String[]) -> columns
    androidx.sqlite.db.SupportSQLiteQueryBuilder selection(java.lang.String,java.lang.Object[]) -> selection
    androidx.sqlite.db.SupportSQLiteQueryBuilder groupBy(java.lang.String) -> groupBy
    androidx.sqlite.db.SupportSQLiteQueryBuilder having(java.lang.String) -> having
    androidx.sqlite.db.SupportSQLiteQueryBuilder orderBy(java.lang.String) -> orderBy
    androidx.sqlite.db.SupportSQLiteQueryBuilder limit(java.lang.String) -> limit
    androidx.sqlite.db.SupportSQLiteQuery create() -> create
    void appendClause(java.lang.StringBuilder,java.lang.String,java.lang.String) -> appendClause
androidx.sqlite.db.SupportSQLiteStatement -> androidx.sqlite.db.SupportSQLiteStatement:
    void execute() -> execute
    int executeUpdateDelete() -> executeUpdateDelete
    long executeInsert() -> executeInsert
    long simpleQueryForLong() -> simpleQueryForLong
    java.lang.String simpleQueryForString() -> simpleQueryForString
androidx.sqlite.db.framework.FrameworkSQLiteDatabase -> androidx.sqlite.db.framework.FrameworkSQLiteDatabase:
    java.lang.String[] CONFLICT_VALUES -> CONFLICT_VALUES
    java.lang.String[] EMPTY_STRING_ARRAY -> EMPTY_STRING_ARRAY
    android.database.sqlite.SQLiteDatabase mDelegate -> mDelegate
    void <init>(android.database.sqlite.SQLiteDatabase) -> <init>
    androidx.sqlite.db.SupportSQLiteStatement compileStatement(java.lang.String) -> compileStatement
    void beginTransaction() -> beginTransaction
    void beginTransactionNonExclusive() -> beginTransactionNonExclusive
    void beginTransactionWithListener(android.database.sqlite.SQLiteTransactionListener) -> beginTransactionWithListener
    void beginTransactionWithListenerNonExclusive(android.database.sqlite.SQLiteTransactionListener) -> beginTransactionWithListenerNonExclusive
    void endTransaction() -> endTransaction
    void setTransactionSuccessful() -> setTransactionSuccessful
    boolean inTransaction() -> inTransaction
    boolean isDbLockedByCurrentThread() -> isDbLockedByCurrentThread
    boolean yieldIfContendedSafely() -> yieldIfContendedSafely
    boolean yieldIfContendedSafely(long) -> yieldIfContendedSafely
    int getVersion() -> getVersion
    void setVersion(int) -> setVersion
    long getMaximumSize() -> getMaximumSize
    long setMaximumSize(long) -> setMaximumSize
    long getPageSize() -> getPageSize
    void setPageSize(long) -> setPageSize