da/build/outputs/mapping/release/usage.txt
androidx.recyclerview.widget.GridLayoutManager$LayoutParams:
    public static final int INVALID_SPAN_ID
    1150:1172:public GridLayoutManager$LayoutParams(androidx.recyclerview.widget.RecyclerView$LayoutParams)
androidx.recyclerview.widget.ItemTouchHelper
androidx.recyclerview.widget.ItemTouchHelper$1
androidx.recyclerview.widget.ItemTouchHelper$2
androidx.recyclerview.widget.ItemTouchHelper$3
androidx.recyclerview.widget.ItemTouchHelper$4
androidx.recyclerview.widget.ItemTouchHelper$5
androidx.recyclerview.widget.ItemTouchHelper$Callback
androidx.recyclerview.widget.ItemTouchHelper$Callback$1
androidx.recyclerview.widget.ItemTouchHelper$Callback$2
androidx.recyclerview.widget.ItemTouchHelper$ItemTouchHelperGestureListener
androidx.recyclerview.widget.ItemTouchHelper$RecoverAnimation
androidx.recyclerview.widget.ItemTouchHelper$RecoverAnimation$1
androidx.recyclerview.widget.ItemTouchHelper$SimpleCallback
androidx.recyclerview.widget.ItemTouchHelper$ViewDropHandler
androidx.recyclerview.widget.ItemTouchUIUtil
androidx.recyclerview.widget.ItemTouchUIUtilImpl
androidx.recyclerview.widget.LayoutState:
    static final java.lang.String TAG
    static final int LAYOUT_START
    static final int LAYOUT_END
    static final int INVALID_LAYOUT
    static final int ITEM_DIRECTION_HEAD
    static final int ITEM_DIRECTION_TAIL
androidx.recyclerview.widget.LinearLayoutManager:
    private static final java.lang.String TAG
    static final boolean DEBUG
    public static final int HORIZONTAL
    public static final int VERTICAL
    public static final int INVALID_OFFSET
    private static final float MAX_SCROLL_FACTOR
    206:206:public boolean getRecycleChildrenOnDetach()
    223:224:public void setRecycleChildrenOnDetach(boolean)
    313:313:public boolean getStackFromEnd()
    370:370:public boolean getReverseLayout()
    1045:1051:public void scrollToPositionWithOffset(int,int)
    1159:1160:public void setSmoothScrollbarEnabled(boolean)
    1170:1170:public boolean isSmoothScrollbarEnabled()
    1286:1287:public void setInitialPrefetchItemCount(int)
    1302:1302:public int getInitialPrefetchItemCount()
    2024:2031:private void logChildren()
    2044:2081:void validateChildOrder()
    2094:2121:public void prepareForDrop(android.view.View,android.view.View,int,int)
androidx.recyclerview.widget.LinearLayoutManager$LayoutState:
    static final java.lang.String TAG
    static final int LAYOUT_START
    static final int LAYOUT_END
    static final int INVALID_LAYOUT
    static final int ITEM_DIRECTION_HEAD
    static final int ITEM_DIRECTION_TAIL
    static final int SCROLLING_OFFSET_NaN
    2302:2304:void log()
androidx.recyclerview.widget.LinearSmoothScroller:
    private static final java.lang.String TAG
    private static final boolean DEBUG
    private static final float MILLISECONDS_PER_INCH
    private static final int TARGET_SEEK_SCROLL_DISTANCE_PX
    public static final int SNAP_TO_START
    public static final int SNAP_TO_END
    public static final int SNAP_TO_ANY
    private static final float TARGET_SEEK_EXTRA_SCROLL_RATIO
androidx.recyclerview.widget.LinearSnapHelper
androidx.recyclerview.widget.ListAdapter
androidx.recyclerview.widget.ListUpdateCallback
androidx.recyclerview.widget.MessageThreadUtil
androidx.recyclerview.widget.MessageThreadUtil$1
androidx.recyclerview.widget.MessageThreadUtil$1$1
androidx.recyclerview.widget.MessageThreadUtil$2
androidx.recyclerview.widget.MessageThreadUtil$2$1
androidx.recyclerview.widget.MessageThreadUtil$MessageQueue
androidx.recyclerview.widget.MessageThreadUtil$SyncQueueItem
androidx.recyclerview.widget.OrientationHelper:
    private static final int INVALID_SIZE
    public static final int HORIZONTAL
    public static final int VERTICAL
    55:55:public androidx.recyclerview.widget.RecyclerView$LayoutManager getLayoutManager()
    public abstract void offsetChild(android.view.View,int)